<?xml version="1.0" encoding="UTF-8"?>
<!-- Generated by org.testng.reporters.JUnitReportReporter -->
<testsuite hostname="APPLEs-MacBook-Pro.local" failures="0" tests="2" name="ecommerce.Tests.ErrorValidation" time="49.761" errors="0" timestamp="2025-02-10T21:55:59 IST" skipped="0">
  <testcase classname="ecommerce.Tests.ErrorValidation" name="UnsuccessLogin" time="19.117"/>
  <testcase classname="ecommerce.Tests.ErrorValidation" name="productErrorTest" time="30.644"/>
</testsuite> <!-- ecommerce.Tests.ErrorValidation -->
