<?xml version="1.0" encoding="UTF-8"?>
<!-- Generated by org.testng.reporters.JUnitReportReporter -->
<testsuite hostname="APPLEs-MacBook-Pro.local" failures="0" tests="1" name="cucumber.TestNGRunner" time="41.065" errors="0" timestamp="2025-02-12T19:21:57 IST" skipped="0">
  <testcase classname="cucumber.TestNGRunner" name="runScenario" time="41.065"/>
</testsuite> <!-- cucumber.TestNGRunner -->
