<?xml version="1.0" encoding="UTF-8"?>
<!-- Generated by org.testng.reporters.JUnitReportReporter -->
<testsuite hostname="APPLEs-MacBook-Pro.local" failures="0" tests="1" name="ecommerce.SeleniumFrameworkEcommerce.SubmitOrderTest" time="38.672" errors="0" timestamp="2025-02-10T13:55:05 IST" skipped="0">
  <testcase classname="ecommerce.SeleniumFrameworkEcommerce.SubmitOrderTest" name="purchaseOrder" time="38.672"/>
</testsuite> <!-- ecommerce.SeleniumFrameworkEcommerce.SubmitOrderTest -->
