<?xml version="1.0" encoding="UTF-8"?>
<!-- Generated by org.testng.reporters.JUnitReportReporter -->
<testsuite hostname="APPLEs-MacBook-Pro.local" failures="0" tests="4" name="ecommerce.tests.SubmitOrderTest" time="119.822" errors="0" timestamp="2025-02-10T23:24:22 IST" skipped="1">
  <testcase classname="ecommerce.tests.SubmitOrderTest" name="purchaseOrder" time="36.600"/>
  <testcase classname="ecommerce.tests.SubmitOrderTest" name="purchaseOrder" time="34.962"/>
  <testcase classname="ecommerce.tests.SubmitOrderTest" name="purchaseOrder" time="28.064">
    <skipped/>
  </testcase> <!-- purchaseOrder -->
  <testcase classname="ecommerce.tests.SubmitOrderTest" name="OrderHistory" time="20.196"/>
</testsuite> <!-- ecommerce.tests.SubmitOrderTest -->
