<?xml version="1.0" encoding="UTF-8"?>
<!-- Generated by org.testng.reporters.JUnitReportReporter -->
<testsuite hostname="APPLEs-MacBook-Pro.local" failures="0" tests="3" name="ecommerce.tests.SubmitOrderTest" time="18.754" errors="0" timestamp="2025-02-13T19:18:37 IST" skipped="0">
  <testcase classname="ecommerce.tests.SubmitOrderTest" name="OrderHistory" time="2.779"/>
  <testcase classname="ecommerce.tests.SubmitOrderTest" name="purchaseOrder" time="9.030"/>
  <testcase classname="ecommerce.tests.SubmitOrderTest" name="purchaseOrder" time="6.945"/>
</testsuite> <!-- ecommerce.tests.SubmitOrderTest -->
