<?xml version="1.0" encoding="UTF-8"?>
<!-- Generated by org.testng.reporters.JUnitReportReporter -->
<testsuite hostname="APPLEs-MacBook-Pro.local" failures="0" tests="2" name="ecommerce.tests.ErrorValidationTest" time="7.301" errors="0" timestamp="2025-02-13T19:18:37 IST" skipped="0">
  <testcase classname="ecommerce.tests.ErrorValidationTest" name="productErrorTest" time="5.097"/>
  <testcase classname="ecommerce.tests.ErrorValidationTest" name="UnsuccessLogin" time="2.204"/>
</testsuite> <!-- ecommerce.tests.ErrorValidationTest -->
