<?xml version="1.0" encoding="UTF-8"?>
<!-- Generated by org.testng.reporters.JUnitReportReporter -->
<testsuite hostname="APPLEs-MacBook-Pro.local" failures="0" tests="1" name="cucumber.TestNGRunner" time="6.767" errors="0" timestamp="2025-02-13T19:28:55 IST" skipped="0">
  <testcase classname="cucumber.TestNGRunner" name="runScenario" time="6.767"/>
</testsuite> <!-- cucumber.TestNGRunner -->
